0 info it worked if it ends with ok
1 verbose cli [ 'C:\\Program Files\\nodejs\\node.exe',
1 verbose cli   'C:\\Users\\Martha\\AppData\\Roaming\\npm\\node_modules\\npm\\bin\\npm-cli.js',
1 verbose cli   'run',
1 verbose cli   'deploy' ]
2 info using npm@4.1.1
3 info using node@v6.9.4
4 verbose run-script [ 'predeploy', 'deploy', 'postdeploy' ]
5 info lifecycle marthawebpage@0.1.0~predeploy: marthawebpage@0.1.0
6 verbose lifecycle marthawebpage@0.1.0~predeploy: unsafe-perm in lifecycle true
7 verbose lifecycle marthawebpage@0.1.0~predeploy: PATH: C:\Users\Martha\AppData\Roaming\npm\node_modules\npm\bin\node-gyp-bin;C:\Users\Martha\Documents\GitHub\C-Martha.github.io\node_modules\.bin;C:\Program Files\Docker\Docker\Resources\bin;C:\ProgramData\Oracle\Java\javapath;C:\WINDOWS\system32;C:\WINDOWS;C:\WINDOWS\System32\Wbem;C:\WINDOWS\System32\WindowsPowerShell\v1.0\;C:\Program Files\Intel\WiFi\bin\;C:\Program Files\Common Files\Intel\WirelessCommon\;C:\Program Files\nodejs\;C:\Program Files (x86)\Windows Kits\10\Windows Performance Toolkit\;C:\Program Files\Git\cmd;C:\Program Files\Microsoft SQL Server\130\Tools\Binn\;C:\Program Files\dotnet\;C:\Program Files (x86)\Yarn\bin;C:\Users\Martha\AppData\Local\Microsoft\WindowsApps;C:\Program Files (x86)\Microsoft VS Code\bin;C:\Users\Martha\AppData\Roaming\npm;C:\Program Files\Docker Toolbox;C:\Users\Martha\AppData\Local\Yarn\.bin
8 verbose lifecycle marthawebpage@0.1.0~predeploy: CWD: C:\Users\Martha\Documents\GitHub\C-Martha.github.io
9 silly lifecycle marthawebpage@0.1.0~predeploy: Args: [ '/d /s /c', 'npm run build' ]
10 silly lifecycle marthawebpage@0.1.0~predeploy: Returned: code: 0  signal: null
11 info lifecycle marthawebpage@0.1.0~deploy: marthawebpage@0.1.0
12 verbose lifecycle marthawebpage@0.1.0~deploy: unsafe-perm in lifecycle true
13 verbose lifecycle marthawebpage@0.1.0~deploy: PATH: C:\Users\Martha\AppData\Roaming\npm\node_modules\npm\bin\node-gyp-bin;C:\Users\Martha\Documents\GitHub\C-Martha.github.io\node_modules\.bin;C:\Program Files\Docker\Docker\Resources\bin;C:\ProgramData\Oracle\Java\javapath;C:\WINDOWS\system32;C:\WINDOWS;C:\WINDOWS\System32\Wbem;C:\WINDOWS\System32\WindowsPowerShell\v1.0\;C:\Program Files\Intel\WiFi\bin\;C:\Program Files\Common Files\Intel\WirelessCommon\;C:\Program Files\nodejs\;C:\Program Files (x86)\Windows Kits\10\Windows Performance Toolkit\;C:\Program Files\Git\cmd;C:\Program Files\Microsoft SQL Server\130\Tools\Binn\;C:\Program Files\dotnet\;C:\Program Files (x86)\Yarn\bin;C:\Users\Martha\AppData\Local\Microsoft\WindowsApps;C:\Program Files (x86)\Microsoft VS Code\bin;C:\Users\Martha\AppData\Roaming\npm;C:\Program Files\Docker Toolbox;C:\Users\Martha\AppData\Local\Yarn\.bin
14 verbose lifecycle marthawebpage@0.1.0~deploy: CWD: C:\Users\Martha\Documents\GitHub\C-Martha.github.io
15 silly lifecycle marthawebpage@0.1.0~deploy: Args: [ '/d /s /c', 'npm run build&&master -d build' ]
16 silly lifecycle marthawebpage@0.1.0~deploy: Returned: code: 1  signal: null
17 info lifecycle marthawebpage@0.1.0~deploy: Failed to exec deploy script
18 verbose stack Error: marthawebpage@0.1.0 deploy: `npm run build&&master -d build`
18 verbose stack Exit status 1
18 verbose stack     at EventEmitter.<anonymous> (C:\Users\Martha\AppData\Roaming\npm\node_modules\npm\lib\utils\lifecycle.js:279:16)
18 verbose stack     at emitTwo (events.js:106:13)
18 verbose stack     at EventEmitter.emit (events.js:191:7)
18 verbose stack     at ChildProcess.<anonymous> (C:\Users\Martha\AppData\Roaming\npm\node_modules\npm\lib\utils\spawn.js:40:14)
18 verbose stack     at emitTwo (events.js:106:13)
18 verbose stack     at ChildProcess.emit (events.js:191:7)
18 verbose stack     at maybeClose (internal/child_process.js:877:16)
18 verbose stack     at Process.ChildProcess._handle.onexit (internal/child_process.js:226:5)
19 verbose pkgid marthawebpage@0.1.0
20 verbose cwd C:\Users\Martha\Documents\GitHub\C-Martha.github.io
21 error Windows_NT 10.0.14393
22 error argv "C:\\Program Files\\nodejs\\node.exe" "C:\\Users\\Martha\\AppData\\Roaming\\npm\\node_modules\\npm\\bin\\npm-cli.js" "run" "deploy"
23 error node v6.9.4
24 error npm  v4.1.1
25 error code ELIFECYCLE
26 error marthawebpage@0.1.0 deploy: `npm run build&&master -d build`
26 error Exit status 1
27 error Failed at the marthawebpage@0.1.0 deploy script 'npm run build&&master -d build'.
27 error Make sure you have the latest version of node.js and npm installed.
27 error If you do, this is most likely a problem with the marthawebpage package,
27 error not with npm itself.
27 error Tell the author that this fails on your system:
27 error     npm run build&&master -d build
27 error You can get information on how to open an issue for this project with:
27 error     npm bugs marthawebpage
27 error Or if that isn't available, you can get their info via:
27 error     npm owner ls marthawebpage
27 error There is likely additional logging output above.
28 verbose exit [ 1, true ]
